Applying GMX monkeypatch to Freqtrade...
Verifying GMX monkeypatch...
  ccxt.async_support.gmx = <class 'eth_defi.gmx.ccxt.async_support.exchange.GMX'>
  Class module: eth_defi.gmx.ccxt.async_support.exchange
  ✓ load_markets is async
GMX support enabled successfully!
2026-01-03 14:25:08,000 - freqtrade - INFO - freqtrade 2025.12
2026-01-03 14:25:08,212 - freqtrade.worker - INFO - Starting worker 2025.12
2026-01-03 14:25:08,212 - freqtrade.configuration.load_config - INFO - Using config: configs/pingpong_sl_gmx.json ...
2026-01-03 14:25:08,213 - freqtrade.configuration.load_config - INFO - Using config: configs/pingpong_sl_gmx.secrets.json ...
2026-01-03 14:25:08,214 - freqtrade.loggers - INFO - Enabling colorized output.
2026-01-03 14:25:08,214 - freqtrade.loggers - INFO - Logfile configured
2026-01-03 14:25:08,215 - freqtrade.loggers - INFO - Verbosity set to 0
2026-01-03 14:25:08,215 - freqtrade.configuration.configuration - INFO - Runmode set to live.
2026-01-03 14:25:08,215 - freqtrade.configuration.configuration - INFO - Dry run is disabled
2026-01-03 14:25:08,215 - freqtrade.configuration.configuration - INFO - Using DB: "sqlite:///tradesv3.sqlite"
2026-01-03 14:25:08,215 - freqtrade.configuration.configuration - INFO - Using max_open_trades: 2 ...
2026-01-03 14:25:08,215 - freqtrade.configuration.configuration - INFO - Using user-data directory: /Users/avik/Work/tradingstrategy/gmx-ccxt-freqtrade/user_data ...
2026-01-03 14:25:08,215 - freqtrade.configuration.configuration - INFO - Using data directory: /Users/avik/Work/tradingstrategy/gmx-ccxt-freqtrade/user_data/data/gmx ...
2026-01-03 14:25:08,216 - freqtrade.exchange.check_exchange - INFO - Checking exchange...
2026-01-03 14:25:08,217 - freqtrade.exchange.check_exchange - INFO - Exchange "gmx" is officially supported by the Freqtrade development team.
2026-01-03 14:25:08,217 - freqtrade.configuration.configuration - INFO - Using pairlist from configuration.
2026-01-03 14:25:08,217 - freqtrade.exchange.exchange - INFO - Using CCXT 4.5.30
2026-01-03 14:25:08,217 - freqtrade.exchange.exchange - INFO - Applying additional ccxt config: {'options': {'defaultType': 'swap'}, 'enableRateLimit': True, 'rateLimit': 500, 'executionBuffer': 3, 
'rpcUrl': 'https://lb.drpc.org/ogrpc?network=arbitrum&dkey=AiWA4TvYpkijvapnvFlyx_UlIJ7SOgkR8K3hbrRhIxXF', 'privateKey': '0x1a3eb3e0c754d039610fc822fae919438e116d8e49c3371e51e960e5faf9a2e5', 'address':
'0x9a4010DED08474dF6e80A96Fc50B9aC664723DB7'}
2026-01-03 14:25:08,219 - eth_defi.provider.multi_provider - INFO - Created provider lb.drpc.org, using request args {'headers': {'Content-Type': 'application/json', 'User-Agent': 
'web3.py/7.14.0/web3.providers.rpc.rpc.HTTPProvider'}, 'timeout': (3.0, 30.0)}, headers {'Content-Type': 'application/json', 'User-Agent': 'web3.py/7.14.0/web3.providers.rpc.rpc.HTTPProvider'}
2026-01-03 14:25:08,219 - eth_defi.provider.multi_provider - INFO - Configuring MultiProviderWeb3. Call providers: ['lb.drpc.org'], transact providers -
2026-01-03 14:25:08,219 - eth_defi.provider.multi_provider - INFO - Successfully added static_call_cache_middleware for web3.py v7
2026-01-03 14:25:08,981 - eth_defi.hotwallet - INFO - Synced nonce for 0x9a4010DED08474dF6e80A96Fc50B9aC664723DB7 to 30
2026-01-03 14:25:08,982 - freqtrade.exchange.exchange - INFO - Applying additional ccxt config: {'options': {'defaultType': 'swap'}, 'enableRateLimit': True, 'rateLimit': 500, 'executionBuffer': 3, 
'rpcUrl': 'https://lb.drpc.org/ogrpc?network=arbitrum&dkey=AiWA4TvYpkijvapnvFlyx_UlIJ7SOgkR8K3hbrRhIxXF', 'privateKey': '0x1a3eb3e0c754d039610fc822fae919438e116d8e49c3371e51e960e5faf9a2e5', 'address':
'0x9a4010DED08474dF6e80A96Fc50B9aC664723DB7'}
2026-01-03 14:25:08,986 - freqtrade.exchange.exchange - INFO - Using Exchange "GMX"
2026-01-03 14:25:08,990 - eth_defi.provider.multi_provider - INFO - Created provider lb.drpc.org, using request args {'headers': {'Content-Type': 'application/json', 'User-Agent': 
'web3.py/7.14.0/web3.providers.rpc.rpc.HTTPProvider'}, 'timeout': (3.0, 30.0)}, headers {'Content-Type': 'application/json', 'User-Agent': 'web3.py/7.14.0/web3.providers.rpc.rpc.HTTPProvider'}
2026-01-03 14:25:08,991 - eth_defi.provider.multi_provider - INFO - Configuring MultiProviderWeb3. Call providers: ['lb.drpc.org'], transact providers -
2026-01-03 14:25:08,991 - eth_defi.provider.multi_provider - INFO - Successfully added static_call_cache_middleware for web3.py v7
2026-01-03 14:25:09,246 - eth_defi.gmx.ccxt.async_support.exchange - INFO - Async GMX exchange session initialized for chain: arbitrum
2026-01-03 14:25:09,247 - eth_defi.gmx.ccxt.async_support.exchange - INFO - Loading markets from GraphQL
2026-01-03 14:25:09,247 - eth_defi.gmx.ccxt.async_support.async_graphql - INFO - Querying marketInfos with market_address=None, limit=200
2026-01-03 14:25:09,247 - eth_defi.gmx.ccxt.async_support.async_graphql - INFO - Where clause: 
2026-01-03 14:25:10,341 - eth_defi.gmx.ccxt.async_support.exchange - INFO - Fetched 117 markets from GraphQL
2026-01-03 14:25:13,454 - eth_defi.gmx.ccxt.async_support.exchange - INFO - Loaded 97 markets from GraphQL
2026-01-03 14:25:13,455 - eth_defi.gmx.ccxt.exchange - INFO - Loading markets from RPC (Core Markets module)
2026-01-03 14:25:14,957 - root - INFO - Using oracle for chain 'arbitrum' (requested chain: 'arbitrum')
2026-01-03 14:26:22,740 - freqtrade.resolvers.exchange_resolver - INFO - Using resolved exchange 'Gmx'...
2026-01-03 14:26:22,751 - freqtrade.resolvers.iresolver - INFO - Using resolved strategy PingpongSL from '/Users/avik/Work/tradingstrategy/gmx-ccxt-freqtrade/user_data/strategies/pingpong_sl.py'...
2026-01-03 14:26:22,751 - freqtrade.strategy.hyper - INFO - Found no parameter file.
2026-01-03 14:26:22,753 - freqtrade.resolvers.strategy_resolver - INFO - Override strategy 'timeframe' with value from the configuration: 5m.
2026-01-03 14:26:22,753 - freqtrade.resolvers.strategy_resolver - INFO - Override strategy 'order_types' with value from the configuration: {'entry': 'limit', 'exit': 'market', 'emergency_exit': 
'market', 'stoploss': 'market', 'stoploss_on_exchange': True, 'stoploss_on_exchange_interval': 60, 'stoploss_on_exchange_limit_ratio': 0.99, 'entry_timeout_unfilled_order_method': 'market', 
'exit_timeout_unfilled_order_method': 'market'}.
2026-01-03 14:26:22,754 - freqtrade.resolvers.strategy_resolver - INFO - Override strategy 'stake_currency' with value from the configuration: USDC.
2026-01-03 14:26:22,754 - freqtrade.resolvers.strategy_resolver - INFO - Override strategy 'stake_amount' with value from the configuration: 10.
2026-01-03 14:26:22,754 - freqtrade.resolvers.strategy_resolver - INFO - Override strategy 'unfilledtimeout' with value from the configuration: {'entry': 10, 'exit': 10, 'exit_timeout_count': 0, 
'unit': 'minutes'}.
2026-01-03 14:26:22,754 - freqtrade.resolvers.strategy_resolver - INFO - Override strategy 'max_open_trades' with value from the configuration: 2.
2026-01-03 14:26:22,755 - freqtrade.resolvers.strategy_resolver - INFO - Strategy using minimal_roi: {'1': -1}
2026-01-03 14:26:22,755 - freqtrade.resolvers.strategy_resolver - INFO - Strategy using timeframe: 5m
2026-01-03 14:26:22,755 - freqtrade.resolvers.strategy_resolver - INFO - Strategy using stoploss: -0.001
2026-01-03 14:26:22,755 - freqtrade.resolvers.strategy_resolver - INFO - Strategy using trailing_stop: False
2026-01-03 14:26:22,756 - freqtrade.resolvers.strategy_resolver - INFO - Strategy using trailing_stop_positive: 0.02
2026-01-03 14:26:22,756 - freqtrade.resolvers.strategy_resolver - INFO - Strategy using trailing_stop_positive_offset: 0.02
2026-01-03 14:26:22,756 - freqtrade.resolvers.strategy_resolver - INFO - Strategy using trailing_only_offset_is_reached: False
2026-01-03 14:26:22,756 - freqtrade.resolvers.strategy_resolver - INFO - Strategy using use_custom_stoploss: True
2026-01-03 14:26:22,756 - freqtrade.resolvers.strategy_resolver - INFO - Strategy using process_only_new_candles: True
2026-01-03 14:26:22,757 - freqtrade.resolvers.strategy_resolver - INFO - Strategy using order_types: {'entry': 'limit', 'exit': 'market', 'emergency_exit': 'market', 'stoploss': 'market', 
'stoploss_on_exchange': True, 'stoploss_on_exchange_interval': 60, 'stoploss_on_exchange_limit_ratio': 0.99, 'entry_timeout_unfilled_order_method': 'market', 'exit_timeout_unfilled_order_method': 
'market'}
2026-01-03 14:26:22,757 - freqtrade.resolvers.strategy_resolver - INFO - Strategy using order_time_in_force: {'entry': 'GTC', 'exit': 'GTC'}
2026-01-03 14:26:22,757 - freqtrade.resolvers.strategy_resolver - INFO - Strategy using stake_currency: USDC
2026-01-03 14:26:22,758 - freqtrade.resolvers.strategy_resolver - INFO - Strategy using stake_amount: 10
2026-01-03 14:26:22,758 - freqtrade.resolvers.strategy_resolver - INFO - Strategy using startup_candle_count: 0
2026-01-03 14:26:22,758 - freqtrade.resolvers.strategy_resolver - INFO - Strategy using unfilledtimeout: {'entry': 10, 'exit': 10, 'exit_timeout_count': 0, 'unit': 'minutes'}
2026-01-03 14:26:22,758 - freqtrade.resolvers.strategy_resolver - INFO - Strategy using use_exit_signal: True
2026-01-03 14:26:22,759 - freqtrade.resolvers.strategy_resolver - INFO - Strategy using exit_profit_only: False
2026-01-03 14:26:22,759 - freqtrade.resolvers.strategy_resolver - INFO - Strategy using ignore_roi_if_entry_signal: False
2026-01-03 14:26:22,759 - freqtrade.resolvers.strategy_resolver - INFO - Strategy using exit_profit_offset: 0.0
2026-01-03 14:26:22,759 - freqtrade.resolvers.strategy_resolver - INFO - Strategy using disable_dataframe_checks: False
2026-01-03 14:26:22,759 - freqtrade.resolvers.strategy_resolver - INFO - Strategy using ignore_buying_expired_candle_after: 0
2026-01-03 14:26:22,760 - freqtrade.resolvers.strategy_resolver - INFO - Strategy using position_adjustment_enable: False
2026-01-03 14:26:22,760 - freqtrade.resolvers.strategy_resolver - INFO - Strategy using max_entry_position_adjustment: -1
2026-01-03 14:26:22,760 - freqtrade.resolvers.strategy_resolver - INFO - Strategy using max_open_trades: 2
2026-01-03 14:26:22,760 - freqtrade.configuration.config_validation - INFO - Validating configuration ...
2026-01-03 14:26:24,464 - eth_defi.gmx.core.open_positions - INFO - No positions open for address: "0x9a4010DED08474dF6e80A96Fc50B9aC664723DB7" on Arbitrum.
2026-01-03 14:26:24,470 - eth_defi.token - INFO - Fetching uncached token, chain 42161, address 0x7f9FBf9bDd3F4105C478b996B648FE6e828a1e98, chain id given: True, reason: None, token cache LRUCache has
0 entries
2026-01-03 14:26:25,110 - eth_defi.token - INFO - Fetching uncached token, chain 42161, address 0x74885b4D524d497261259B38900f54e6dbAd2210, chain id given: True, reason: None, token cache LRUCache has
1 entries
2026-01-03 14:26:25,842 - eth_defi.token - INFO - Fetching uncached token, chain 42161, address 0x3f8f0dCE4dCE4d0D1d0871941e79CDA82cA50d0B, chain id given: True, reason: None, token cache LRUCache has
2 entries
2026-01-03 14:26:26,117 - eth_defi.token - INFO - Fetching uncached token, chain 42161, address 0x3Eea56A1ccCdbfB70A26aD381C71Ee17E4c8A15F, chain id given: True, reason: None, token cache LRUCache has
2 entries
2026-01-03 14:26:26,350 - eth_defi.token - INFO - Fetching uncached token, chain 42161, address 0xaF770F03518686a365300ab35AD860e99967B2f0, chain id given: True, reason: None, token cache LRUCache has
2 entries
2026-01-03 14:26:26,586 - eth_defi.token - INFO - Fetching uncached token, chain 42161, address 0x6792c5B8962ffbDD020c6b6FD0Be7b182e0e33a3, chain id given: True, reason: None, token cache LRUCache has
2 entries
2026-01-03 14:26:26,828 - eth_defi.token - INFO - Fetching uncached token, chain 42161, address 0x5503CF72f54b6d692d36BBCD391516A7dE068687, chain id given: True, reason: None, token cache LRUCache has
2 entries
2026-01-03 14:26:27,065 - eth_defi.token - INFO - Fetching uncached token, chain 42161, address 0x82aF49447D8a07e3bd95BD0d56f35241523fBab1, chain id given: True, reason: None, token cache LRUCache has
2 entries
2026-01-03 14:26:27,653 - eth_defi.token - INFO - Fetching uncached token, chain 42161, address 0x938aef36CAaFbcB37815251B602168087eC14648, chain id given: True, reason: None, token cache LRUCache has
3 entries
2026-01-03 14:26:27,890 - eth_defi.token - INFO - Fetching uncached token, chain 42161, address 0x1FD10E767187A92f0AB2ABDEEF4505e319cA06B2, chain id given: True, reason: None, token cache LRUCache has
3 entries
2026-01-03 14:26:28,164 - eth_defi.token - INFO - Fetching uncached token, chain 42161, address 0x75B9AdD873641b253718810E6c65dB6d72311FD0, chain id given: True, reason: None, token cache LRUCache has
3 entries
2026-01-03 14:26:28,392 - eth_defi.token - INFO - Fetching uncached token, chain 42161, address 0x47904963fc8b2340414262125aF798B9655E58Cd, chain id given: True, reason: None, token cache LRUCache has
3 entries
2026-01-03 14:26:28,658 - eth_defi.token - INFO - Fetching uncached token, chain 42161, address 0x6c84a8f1c29108F47a79964b5Fe888D4f4D0dE40, chain id given: True, reason: None, token cache LRUCache has
3 entries
2026-01-03 14:26:29,643 - eth_defi.token - INFO - Fetching uncached token, chain 42161, address 0x2f2a2543B76A4166549F7aaB2e75Bef0aefC5B0f, chain id given: True, reason: None, token cache LRUCache has
4 entries
2026-01-03 14:26:30,253 - eth_defi.token - INFO - Fetching uncached token, chain 42161, address 0xC4da4c24fd591125c3F47b340b6f4f76111883d8, chain id given: True, reason: None, token cache LRUCache has
5 entries
2026-01-03 14:26:30,484 - eth_defi.token - INFO - Fetching uncached token, chain 42161, address 0x606C3e5075e5555e79Aa15F1E9FACB776F96C248, chain id given: True, reason: None, token cache LRUCache has
5 entries
2026-01-03 14:26:31,100 - eth_defi.token - INFO - Fetching uncached token, chain 42161, address 0xB46A094Bc4B0adBD801E14b9DB95e05E28962764, chain id given: True, reason: None, token cache LRUCache has
6 entries
2026-01-03 14:26:31,351 - eth_defi.token - INFO - Fetching uncached token, chain 42161, address 0x3E57D02f9d196873e55727382974b02EdebE6bfd, chain id given: True, reason: None, token cache LRUCache has
6 entries
2026-01-03 14:26:31,585 - eth_defi.token - INFO - Fetching uncached token, chain 42161, address 0x2bcC6D6CdBbDC0a4071e48bb3B969b06B3330c07, chain id given: True, reason: None, token cache LRUCache has
6 entries
2026-01-03 14:26:32,300 - eth_defi.token - INFO - Fetching uncached token, chain 42161, address 0x197aa2DE1313c7AD50184234490E12409B2a1f95, chain id given: True, reason: None, token cache LRUCache has
7 entries
2026-01-03 14:26:33,066 - eth_defi.token - INFO - Fetching uncached token, chain 42161, address 0x55e85A147a1029b985384822c0B2262dF8023452, chain id given: True, reason: None, token cache LRUCache has
7 entries
2026-01-03 14:26:33,612 - eth_defi.token - INFO - Fetching uncached token, chain 42161, address 0xBaf07cF91D413C0aCB2b7444B9Bf13b4e03c9D71, chain id given: True, reason: None, token cache LRUCache has
7 entries
2026-01-03 14:26:34,927 - eth_defi.token - INFO - Fetching uncached token, chain 42161, address 0xFa7F8980b0f1E64A2062791cc3b0871572f1F7f0, chain id given: True, reason: None, token cache LRUCache has
7 entries
2026-01-03 14:26:35,699 - eth_defi.token - INFO - Fetching uncached token, chain 42161, address 0xf97f4df75117a78c1A5a0DBb814Af92458539FB4, chain id given: True, reason: None, token cache LRUCache has
8 entries
2026-01-03 14:26:36,516 - eth_defi.token - INFO - Fetching uncached token, chain 42161, address 0x912CE59144191C1204E64559FE8253a0e49E6548, chain id given: True, reason: None, token cache LRUCache has
9 entries
2026-01-03 14:26:37,154 - eth_defi.token - INFO - Fetching uncached token, chain 42161, address 0xc14e065b0067dE91534e032868f5Ac6ecf2c6868, chain id given: True, reason: None, token cache LRUCache has
10 entries
2026-01-03 14:26:37,400 - eth_defi.token - INFO - Fetching uncached token, chain 42161, address 0xaf88d065e77c8cC2239327C5EDb3A432268e5831, chain id given: True, reason: None, token cache LRUCache has
10 entries
2026-01-03 14:26:38,265 - eth_defi.token - INFO - Fetching uncached token, chain 42161, address 0xFF970A61A04b1cA14834A43f5dE4533eBDDB5CC8, chain id given: True, reason: None, token cache LRUCache has
11 entries
2026-01-03 14:26:38,767 - eth_defi.token - INFO - Fetching uncached token, chain 42161, address 0xFd086bC7CD5C481DCC9C85ebE478A1C0b69FCbb9, chain id given: True, reason: None, token cache LRUCache has
12 entries
2026-01-03 14:26:39,501 - eth_defi.token - INFO - Fetching uncached token, chain 42161, address 0xDA10009cBd5D07dd0CeCc66161FC93D7c9000da1, chain id given: True, reason: None, token cache LRUCache has
13 entries
2026-01-03 14:26:40,851 - eth_defi.token - INFO - Fetching uncached token, chain 42161, address 0xa9004A5421372E1D83fB1f85b0fc986c912f91f3, chain id given: True, reason: None, token cache LRUCache has
14 entries
2026-01-03 14:26:42,080 - eth_defi.token - INFO - Fetching uncached token, chain 42161, address 0x7D7F1765aCbaF847b9A1f7137FE8Ed4931FbfEbA, chain id given: True, reason: None, token cache LRUCache has
15 entries
2026-01-03 14:26:44,243 - eth_defi.token - INFO - Fetching uncached token, chain 42161, address 0x1FF7F3EFBb9481Cbd7db4F932cBCD4467144237C, chain id given: True, reason: None, token cache LRUCache has
15 entries
2026-01-03 14:26:44,481 - eth_defi.token - INFO - Fetching uncached token, chain 42161, address 0xba5DdD1f9d7F570dc94a51479a000E3BCE967196, chain id given: True, reason: None, token cache LRUCache has
15 entries
2026-01-03 14:26:45,121 - eth_defi.token - INFO - Fetching uncached token, chain 42161, address 0x565609fAF65B92F7be02468acF86f8979423e514, chain id given: True, reason: None, token cache LRUCache has
16 entries
2026-01-03 14:26:45,729 - eth_defi.token - INFO - Fetching uncached token, chain 42161, address 0xaC800FD6159c2a2CB8fC31EF74621eB430287a5A, chain id given: True, reason: None, token cache LRUCache has
17 entries
2026-01-03 14:26:46,323 - eth_defi.token - INFO - Fetching uncached token, chain 42161, address 0x1E15d08f3CA46853B692EE28AE9C7a0b88a9c994, chain id given: True, reason: None, token cache LRUCache has
18 entries
2026-01-03 14:26:46,584 - eth_defi.token - INFO - Fetching uncached token, chain 42161, address 0x38676f62d166f5CE7De8433F51c6B3D6D9d66C19, chain id given: True, reason: None, token cache LRUCache has
18 entries
2026-01-03 14:26:46,869 - eth_defi.token - INFO - Fetching uncached token, chain 42161, address 0xb06aa7E4af937C130dDade66f6ed7642716fe07A, chain id given: True, reason: None, token cache LRUCache has
18 entries
2026-01-03 14:26:47,296 - eth_defi.token - INFO - Fetching uncached token, chain 42161, address 0xB2f7cefaeEb08Aa347705ac829a7b8bE2FB560f3, chain id given: True, reason: None, token cache LRUCache has
18 entries
2026-01-03 14:26:47,666 - eth_defi.token - INFO - Fetching uncached token, chain 42161, address 0xfc5A1A6EB076a2C7aD06eD22C90d7E710E35ad0a, chain id given: True, reason: None, token cache LRUCache has
18 entries
2026-01-03 14:26:48,314 - eth_defi.token - INFO - Fetching uncached token, chain 42161, address 0xA1b91fe9FD52141Ff8cac388Ce3F10BFDc1dE79d, chain id given: True, reason: None, token cache LRUCache has
19 entries
2026-01-03 14:26:48,922 - eth_defi.token - INFO - Fetching uncached token, chain 42161, address 0x25d887Ce7a35172C62FeBFD67a1856F20FaEbB00, chain id given: True, reason: None, token cache LRUCache has
20 entries
2026-01-03 14:26:49,547 - eth_defi.token - INFO - Fetching uncached token, chain 42161, address 0x0c880f6761F1af8d9Aa9C466984b80DAb9a8c9e8, chain id given: True, reason: None, token cache LRUCache has
21 entries
2026-01-03 14:26:50,182 - eth_defi.token - INFO - Fetching uncached token, chain 42161, address 0x5979D7b546E38E414F7E9822514be443A4800529, chain id given: True, reason: None, token cache LRUCache has
22 entries
2026-01-03 14:26:51,104 - eth_defi.token - INFO - Fetching uncached token, chain 42161, address 0x5d3a1Ff2b6BAb83b63cd9AD0787074081a52ef34, chain id given: True, reason: None, token cache LRUCache has
23 entries
2026-01-03 14:26:51,718 - eth_defi.token - INFO - Fetching uncached token, chain 42161, address 0x2cD2eB61D17b78239Fcd19aafF72981B5D5eF319, chain id given: True, reason: None, token cache LRUCache has
24 entries
2026-01-03 14:26:51,958 - eth_defi.token - INFO - Fetching uncached token, chain 42161, address 0x9c74772b713a1B032aEB173E28683D937E51921c, chain id given: True, reason: None, token cache LRUCache has
24 entries
2026-01-03 14:26:52,222 - eth_defi.token - INFO - Fetching uncached token, chain 42161, address 0x53186c8419BEB83fE4Da74F7875041a1287337ED, chain id given: True, reason: None, token cache LRUCache has
24 entries
2026-01-03 14:26:52,461 - eth_defi.token - INFO - Fetching uncached token, chain 42161, address 0xc5dbD52Ae5a927Cf585B884011d0C7631C9974c6, chain id given: True, reason: None, token cache LRUCache has
24 entries
2026-01-03 14:26:52,710 - eth_defi.token - INFO - Fetching uncached token, chain 42161, address 0xc33D9C096e74aa4f571E9417b69a19C4A1e72ef2, chain id given: True, reason: None, token cache LRUCache has
24 entries
2026-01-03 14:26:53,234 - eth_defi.token - INFO - Fetching uncached token, chain 42161, address 0xE958f107b467d5172573F761d26931D658C1b436, chain id given: True, reason: None, token cache LRUCache has
24 entries
2026-01-03 14:26:53,518 - eth_defi.token - INFO - Fetching uncached token, chain 42161, address 0xdaf0A71608938F762e37eC5F72F670Cc44703454, chain id given: True, reason: None, token cache LRUCache has
24 entries
2026-01-03 14:26:53,755 - eth_defi.token - INFO - Fetching uncached token, chain 42161, address 0x82BB89fcc64c5d4016C5Ed1AB016bB0D1C20D6C3, chain id given: True, reason: None, token cache LRUCache has
24 entries
2026-01-03 14:26:54,002 - eth_defi.token - INFO - Fetching uncached token, chain 42161, address 0x3AeBb98f57081DcBEb0B8EA823Cf84900A31e5D8, chain id given: True, reason: None, token cache LRUCache has
24 entries
2026-01-03 14:26:54,266 - eth_defi.token - INFO - Fetching uncached token, chain 42161, address 0xfdE73EddbE6c5712A12B72c470F8FE5c77A7fF17, chain id given: True, reason: None, token cache LRUCache has
24 entries
2026-01-03 14:26:54,523 - eth_defi.token - INFO - Fetching uncached token, chain 42161, address 0x0739Ad7AeA69aD36EdEb91b0e55cAC140427c632, chain id given: True, reason: None, token cache LRUCache has
24 entries
2026-01-03 14:26:54,799 - eth_defi.token - INFO - Fetching uncached token, chain 42161, address 0x30021aFA4767Ad66aA52A06dF8a5AB3acA9371fD, chain id given: True, reason: None, token cache LRUCache has
24 entries
2026-01-03 14:26:55,043 - eth_defi.token - INFO - Fetching uncached token, chain 42161, address 0xfa4F8E582214eBCe1A08eB2a65e08082053E441F, chain id given: True, reason: None, token cache LRUCache has
24 entries
2026-01-03 14:26:55,407 - eth_defi.token - INFO - Fetching uncached token, chain 42161, address 0xfe1Aac2CD9C5cC77b58EeCfE75981866ed0c8b7a, chain id given: True, reason: None, token cache LRUCache has
24 entries
2026-01-03 14:26:55,645 - eth_defi.token - INFO - Fetching uncached token, chain 42161, address 0xaca341E61aB6177B0b0Df46a612e4311F8a7605f, chain id given: True, reason: None, token cache LRUCache has
24 entries
2026-01-03 14:26:55,885 - eth_defi.token - INFO - Fetching uncached token, chain 42161, address 0xBb69bd9dc152C2c0F083507641a46193d2B61EBb, chain id given: True, reason: None, token cache LRUCache has
24 entries
2026-01-03 14:26:56,143 - eth_defi.token - INFO - Fetching uncached token, chain 42161, address 0x37a645648dF29205C6261289983FB04ECD70b4B3, chain id given: True, reason: None, token cache LRUCache has
24 entries
2026-01-03 14:26:56,885 - eth_defi.token - INFO - Fetching uncached token, chain 42161, address 0x9D678B4Dd38a6E01df8090aEB7974aD71142b05f, chain id given: True, reason: None, token cache LRUCache has
25 entries
2026-01-03 14:26:57,188 - eth_defi.token - INFO - Fetching uncached token, chain 42161, address 0x67ADABbAd211eA9b3B4E2fd0FD165E593De1e983, chain id given: True, reason: None, token cache LRUCache has
25 entries
2026-01-03 14:26:57,499 - eth_defi.token - INFO - Fetching uncached token, chain 42161, address 0xB6672496214C90134A9223894e709F26A5eED362, chain id given: True, reason: None, token cache LRUCache has
25 entries
2026-01-03 14:26:57,757 - eth_defi.token - INFO - Fetching uncached token, chain 42161, address 0x4C1dac9b6eAf122Fe3DE824c1C2220413F3aC197, chain id given: True, reason: None, token cache LRUCache has
25 entries
2026-01-03 14:26:57,999 - eth_defi.token - INFO - Fetching uncached token, chain 42161, address 0xEcFB4718aD19b626A77491895a2f99ea0cedEd08, chain id given: True, reason: None, token cache LRUCache has
25 entries
2026-01-03 14:26:58,243 - eth_defi.token - INFO - Fetching uncached token, chain 42161, address 0x83D5944E7f5EF1d8432002d3cb062e1012f6F8e6, chain id given: True, reason: None, token cache LRUCache has
25 entries
2026-01-03 14:26:58,469 - eth_defi.token - INFO - Fetching uncached token, chain 42161, address 0xcA543Cb8bCC76e4E0A034F56EB40a1029bDFd70E, chain id given: True, reason: None, token cache LRUCache has
25 entries
2026-01-03 14:26:58,734 - eth_defi.token - INFO - Fetching uncached token, chain 42161, address 0x580b373Ac16803BB0133356F470f3c7EEF54151B, chain id given: True, reason: None, token cache LRUCache has
25 entries
2026-01-03 14:26:59,304 - eth_defi.token - INFO - Fetching uncached token, chain 42161, address 0x8F6cCb99d4Fd0B4095915147b5ae3bbDb8075394, chain id given: True, reason: None, token cache LRUCache has
25 entries
2026-01-03 14:26:59,679 - eth_defi.token - INFO - Fetching uncached token, chain 42161, address 0xfEd500Df379427Fbc48BDaf3b511b519c7eCCD26, chain id given: True, reason: None, token cache LRUCache has
25 entries
2026-01-03 14:26:59,934 - eth_defi.token - INFO - Fetching uncached token, chain 42161, address 0xfDFA0A749dA3bCcee20aE0B4AD50E39B26F58f7C, chain id given: True, reason: None, token cache LRUCache has
25 entries
2026-01-03 14:27:00,173 - eth_defi.token - INFO - Fetching uncached token, chain 42161, address 0x8904De84c3bB3B7D2383F934Af40FcB3Ef82F28b, chain id given: True, reason: None, token cache LRUCache has
25 entries
2026-01-03 14:27:00,410 - eth_defi.token - INFO - Fetching uncached token, chain 42161, address 0x1f3407Ea067DfBDF6dEb6bBFdA4869215fB0ab77, chain id given: True, reason: None, token cache LRUCache has
25 entries
2026-01-03 14:27:00,681 - eth_defi.token - INFO - Fetching uncached token, chain 42161, address 0x97Ce1F309B949f7FBC4f58c5cb6aa417A5ff8964, chain id given: True, reason: None, token cache LRUCache has
25 entries
2026-01-03 14:27:00,920 - eth_defi.token - INFO - Fetching uncached token, chain 42161, address 0xa8193C55C34Ed22e1Dbe73FD5Adc668E51578a67, chain id given: True, reason: None, token cache LRUCache has
25 entries
2026-01-03 14:27:01,177 - eth_defi.token - INFO - Fetching uncached token, chain 42161, address 0xe5f01aeAcc8288E9838A60016AB00d7b6675900b, chain id given: True, reason: None, token cache LRUCache has
25 entries
2026-01-03 14:27:01,469 - eth_defi.token - INFO - Fetching uncached token, chain 42161, address 0xd3898c6570974AEca38a8ACf22fd60739e528A99, chain id given: True, reason: None, token cache LRUCache has
25 entries
2026-01-03 14:27:01,714 - eth_defi.token - INFO - Fetching uncached token, chain 42161, address 0x13674172E6E44D31d4bE489d5184f3457c40153A, chain id given: True, reason: None, token cache LRUCache has
25 entries
2026-01-03 14:27:02,185 - eth_defi.token - INFO - Fetching uncached token, chain 42161, address 0xd1738d37401a0A71f7E382d2cFeCD3ab69687017, chain id given: True, reason: None, token cache LRUCache has
25 entries
2026-01-03 14:27:02,704 - eth_defi.token - INFO - Fetching uncached token, chain 42161, address 0x9c060B2fA953b5f69879a8B7B81f62BFfEF360be, chain id given: True, reason: None, token cache LRUCache has
25 entries
2026-01-03 14:27:02,949 - eth_defi.token - INFO - Fetching uncached token, chain 42161, address 0x955cd91eEaE618F5a7b49E1e3c7482833B10DAb4, chain id given: True, reason: None, token cache LRUCache has
25 entries
2026-01-03 14:27:03,195 - eth_defi.token - INFO - Fetching uncached token, chain 42161, address 0xb736be525A65326513351058427d1f47B0CfB045, chain id given: True, reason: None, token cache LRUCache has
25 entries
2026-01-03 14:27:03,429 - eth_defi.token - INFO - Fetching uncached token, chain 42161, address 0x72Cd3a21aA7A898028d9501868Fbe6dED0020434, chain id given: True, reason: None, token cache LRUCache has
25 entries
2026-01-03 14:27:03,713 - eth_defi.token - INFO - Fetching uncached token, chain 42161, address 0xEb2A83b973f4dbB9511D92dd40d2ba4C683f0971, chain id given: True, reason: None, token cache LRUCache has
25 entries
2026-01-03 14:27:03,983 - eth_defi.token - INFO - Fetching uncached token, chain 42161, address 0xB7EfE7c7f059E84Ab87A83A169c583Fb4A54fAc3, chain id given: True, reason: None, token cache LRUCache has
25 entries
2026-01-03 14:27:04,223 - eth_defi.token - INFO - Fetching uncached token, chain 42161, address 0xd37F01A3379f052FEF70F63c0Be27931891aa2B9, chain id given: True, reason: None, token cache LRUCache has
25 entries
2026-01-03 14:27:04,477 - eth_defi.token - INFO - Fetching uncached token, chain 42161, address 0x3B6f801C0052Dfe0Ac80287D611F31B7c47B9A6b, chain id given: True, reason: None, token cache LRUCache has
25 entries
2026-01-03 14:27:04,724 - eth_defi.token - INFO - Fetching uncached token, chain 42161, address 0x91c6a8F6aFAC036F4ABf1bA55f4E76892E865E4a, chain id given: True, reason: None, token cache LRUCache has
25 entries
2026-01-03 14:27:05,087 - eth_defi.token - INFO - Fetching uncached token, chain 42161, address 0xEcc5eb985Ddbb8335b175b0A2A1144E4c978F1f6, chain id given: True, reason: None, token cache LRUCache has
25 entries
2026-01-03 14:27:05,647 - eth_defi.token - INFO - Fetching uncached token, chain 42161, address 0x4249F6e0808bEfF7368AaAD3F7A3Fd511F61Ee60, chain id given: True, reason: None, token cache LRUCache has
25 entries
2026-01-03 14:27:05,921 - eth_defi.token - INFO - Fetching uncached token, chain 42161, address 0xC5799ab6E2818fD8d0788dB8D156B0c5db1Bf97b, chain id given: True, reason: None, token cache LRUCache has
25 entries
2026-01-03 14:27:06,161 - eth_defi.token - INFO - Fetching uncached token, chain 42161, address 0x465A31E5bA29b8EAcC860d499D714a6f07e56E85, chain id given: True, reason: None, token cache LRUCache has
25 entries
2026-01-03 14:27:06,435 - eth_defi.token - INFO - Fetching uncached token, chain 42161, address 0xB79Eb5BA64A167676694bB41bc1640F95d309a2F, chain id given: True, reason: None, token cache LRUCache has
25 entries
2026-01-03 14:27:06,709 - eth_defi.token - INFO - Fetching uncached token, chain 42161, address 0xF67b2a901D674B443Fa9f6DB2A689B37c07fD4fE, chain id given: True, reason: None, token cache LRUCache has
25 entries
2026-01-03 14:27:07,076 - eth_defi.token - INFO - Fetching uncached token, chain 42161, address 0xc5ff0eB026dB972F95DF3dfF04e697d8b660092a, chain id given: True, reason: None, token cache LRUCache has
25 entries
2026-01-03 14:27:07,351 - eth_defi.token - INFO - Fetching uncached token, chain 42161, address 0x96Ee343E36E8642627FAEa235D57a9FEC8a6e34f, chain id given: True, reason: None, token cache LRUCache has
25 entries
2026-01-03 14:27:07,594 - eth_defi.token - INFO - Fetching uncached token, chain 42161, address 0x2e73bDBee83D91623736D514b0BB41f2afd9C7Fd, chain id given: True, reason: None, token cache LRUCache has
25 entries
2026-01-03 14:27:07,877 - eth_defi.token - INFO - Fetching uncached token, chain 42161, address 0x2aAB60E62f05d17e58dEc982870bfAdc7F4e7ADF, chain id given: True, reason: None, token cache LRUCache has
25 entries
2026-01-03 14:27:08,207 - eth_defi.token - INFO - Fetching uncached token, chain 42161, address 0x95c317066CF214b2E6588B2685D949384504F51e, chain id given: True, reason: None, token cache LRUCache has
25 entries
2026-01-03 14:27:08,466 - eth_defi.token - INFO - Fetching uncached token, chain 42161, address 0xdB58EB7f408EbA2176eCb44A4696292605cCEB39, chain id given: True, reason: None, token cache LRUCache has
25 entries
2026-01-03 14:27:08,866 - eth_defi.token - INFO - Fetching uncached token, chain 42161, address 0xc4017CFe7D7eaBDE63d3252caBF26A286fE2B1E0, chain id given: True, reason: None, token cache LRUCache has
25 entries
2026-01-03 14:27:09,149 - eth_defi.token - INFO - Fetching uncached token, chain 42161, address 0x528A5bac7E746C9A509A1f4F6dF58A03d44279F9, chain id given: True, reason: None, token cache LRUCache has
25 entries
2026-01-03 14:27:09,855 - eth_defi.token - INFO - Fetching uncached token, chain 42161, address 0xdF03EEd325b82bC1d4Db8b49c30ecc9E05104b96, chain id given: True, reason: None, token cache LRUCache has
26 entries
2026-01-03 14:27:10,539 - eth_defi.token - INFO - Fetching uncached token, chain 42161, address 0xeeA41ceA2204D1156De1BDF2CF4ab6184d17f90B, chain id given: True, reason: None, token cache LRUCache has
27 entries
2026-01-03 14:27:10,801 - eth_defi.token - INFO - Fetching uncached token, chain 42161, address 0x6eAbbaA3278556Dc5b19c034dc26c0eaB60d65B5, chain id given: True, reason: None, token cache LRUCache has
27 entries
2026-01-03 14:27:11,181 - eth_defi.token - INFO - Fetching uncached token, chain 42161, address 0xB96e60CA3a7677b29f1e10dd109E952B275038Be, chain id given: True, reason: None, token cache LRUCache has
27 entries
2026-01-03 14:27:12,324 - eth_defi.gmx.core.open_positions - INFO - No positions open for address: "0x9a4010DED08474dF6e80A96Fc50B9aC664723DB7" on Arbitrum.
2026-01-03 14:27:12,325 - freqtrade.wallets - INFO - Wallets synced.
2026-01-03 14:27:17,840 - freqtrade.rpc.rpc_manager - INFO - Enabling rpc.telegram ...
2026-01-03 14:27:17,966 - freqtrade.rpc.telegram - INFO - using custom keyboard from config.json: [['/daily', '/profit', '/balance'], ['/status', '/status table', '/performance', '/stopentry'], 
['/count', '/logs', '/help']]
2026-01-03 14:27:17,967 - freqtrade.rpc.rpc_manager - INFO - Enabling rpc.api_server
2026-01-03 14:27:18,018 - freqtrade.rpc.telegram - INFO - rpc.telegram is listening for following commands: [['status'], ['profit'], ['balance'], ['start'], ['stop'], ['forceexit', 'forcesell', 'fx'],
['forcebuy', 'forcelong'], ['forceshort'], ['reload_trade'], ['trades'], ['delete'], ['cancel_open_order', 'coo'], ['performance'], ['buys', 'entries'], ['exits', 'sells'], ['mix_tags'], ['stats'], 
['daily'], ['weekly'], ['monthly'], ['count'], ['locks'], ['delete_locks', 'unlock'], ['reload_conf', 'reload_config'], ['show_conf', 'show_config'], ['pause', 'stopbuy', 'stopentry'], ['whitelist'], 
['blacklist'], ['bl_delete', 'blacklist_delete'], ['logs'], ['health'], ['help'], ['version'], ['marketdir'], ['order'], ['list_custom_data'], ['tg_info'], ['profit_long'], ['profit_short']]
2026-01-03 14:27:18,066 - freqtrade.rpc.api_server.webserver - INFO - Starting HTTP Server at 0.0.0.0:8080
2026-01-03 14:27:18,067 - freqtrade.rpc.api_server.webserver - WARNING - SECURITY WARNING - Local Rest Server listening to external connections
2026-01-03 14:27:18,067 - freqtrade.rpc.api_server.webserver - WARNING - SECURITY WARNING - This is insecure please set to your loopback,e.g 127.0.0.1 in config.json
2026-01-03 14:27:18,067 - freqtrade.rpc.api_server.webserver - INFO - Starting Local Rest Server.
2026-01-03 14:27:18,072 - uvicorn.error - INFO - Started server process [22493]
2026-01-03 14:27:18,073 - uvicorn.error - INFO - Waiting for application startup.
2026-01-03 14:27:18,073 - uvicorn.error - INFO - Application startup complete.
2026-01-03 14:27:18,073 - uvicorn.error - INFO - Uvicorn running on http://0.0.0.0:8080 (Press CTRL+C to quit)
2026-01-03 14:27:18,076 - freqtrade.resolvers.iresolver - INFO - Using resolved pairlist StaticPairList from 
'/Users/avik/Work/tradingstrategy/gmx-ccxt-freqtrade/freqtrade-develop/freqtrade/plugins/pairlist/StaticPairList.py'...
2026-01-03 14:27:18,076 - freqtrade.freqtradebot - INFO - Starting initial pairlist refresh
2026-01-03 14:27:18,076 - freqtrade.plugins.pairlistmanager - INFO - Whitelist with 2 pairs: ['BTC/USDC:USDC', 'ETH/USDC:USDC']
2026-01-03 14:27:18,077 - freqtrade.freqtradebot - INFO - Initial Pairlist refresh took 0.00s
2026-01-03 14:27:18,077 - freqtrade.plugins.protectionmanager - INFO - No protection Handlers defined.
2026-01-03 14:27:18,077 - freqtrade.rpc.rpc_manager - INFO - Sending rpc message: {'type': status, 'status': 'running'}
2026-01-03 14:27:18,077 - freqtrade.worker - INFO - Changing state to: RUNNING
2026-01-03 14:27:18,089 - freqtrade.rpc.rpc_manager - INFO - Sending rpc message: {'type': startup, 'status': "*Exchange:* `gmx`\n*Stake per trade:* `10 USDC`\n*Minimum ROI:* `{'1': -1}`\n*Stoploss:* 
`-0.001`\n*Position adjustment:* `Off`\n*Timeframe:* `5m`\n*Strategy:* `PingpongSL`"}
2026-01-03 14:27:18,089 - freqtrade.rpc.telegram - INFO - Notification 'startup' not sent.
2026-01-03 14:27:18,089 - freqtrade.rpc.rpc_manager - INFO - Sending rpc message: {'type': startup, 'status': "Searching for USDC pairs to buy and sell based on [{'StaticPairList': 
'StaticPairList'}]"}
2026-01-03 14:27:18,089 - freqtrade.rpc.telegram - INFO - Notification 'startup' not sent.
2026-01-03 14:27:18,092 - freqtrade.persistence.trade_model - INFO - Found open trade: Trade(id=1, pair=BTC/USDC:USDC, amount=0.0001141, is_short=False, leverage=1, open_rate=89482.01861065, 
open_since=2026-01-03 07:53:35)
2026-01-03 14:27:18,093 - freqtrade.persistence.trade_model - INFO - Found open trade: Trade(id=2, pair=ETH/USDC:USDC, amount=0.00330599, is_short=False, leverage=1, open_rate=3088.3380618, 
open_since=2026-01-03 07:58:38)
2026-01-03 14:27:18,093 - freqtrade.freqtradebot - INFO - Updating 0 open orders.
2026-01-03 14:27:18,094 - eth_defi.gmx.ccxt.exchange - WARNING - fetch_funding_history() called but GMX V2 does not track historical funding fee payments. Returning empty list (funding fees will be 
calculated as 0.0).
2026-01-03 14:27:18,094 - eth_defi.gmx.ccxt.exchange - WARNING - fetch_funding_history() called but GMX V2 does not track historical funding fee payments. Returning empty list (funding fees will be 
calculated as 0.0).
2026-01-03 14:27:18,096 - freqtrade.freqtradebot - INFO - Updating buy-fee on trade Trade(id=1, pair=BTC/USDC:USDC, amount=0.0001141, is_short=False, leverage=1, open_rate=89482.01861065, 
open_since=2026-01-03 07:53:35) for order 0xfff80a93c5c3df95797504b42d9dd2272516c996188cd0dffe271f8ff031a2ff.
2026-01-03 14:27:18,096 - freqtrade.freqtradebot - INFO - Found open order for Trade(id=1, pair=BTC/USDC:USDC, amount=0.0001141, is_short=False, leverage=1, open_rate=89482.01861065, 
open_since=2026-01-03 07:53:35)
2026-01-03 14:27:18,540 - eth_defi.gmx.ccxt.exchange - INFO - Fetched order 0xfff80a93c5c3df95797504b42d9dd2272516c996188cd0dffe271f8ff031a2ff from blockchain (not in cache)
2026-01-03 14:27:18,553 - freqtrade.freqtradebot - INFO - Fee for Trade Trade(id=1, pair=BTC/USDC:USDC, amount=0.0001141, is_short=False, leverage=1, open_rate=89482.01861065, open_since=2026-01-03 
07:53:35) [buy]: 9.57329e-06 ETH - rate: None
2026-01-03 14:27:18,554 - freqtrade.persistence.trade_model - INFO - Updating trade (id=1) ...
2026-01-03 14:27:18,554 - freqtrade.persistence.trade_model - INFO - MARKET_BUY has been fulfilled for Trade(id=1, pair=BTC/USDC:USDC, amount=0.0001141, is_short=False, leverage=1, 
open_rate=89482.01861065, open_since=2026-01-03 07:53:35).
2026-01-03 14:27:18,955 - eth_defi.gmx.core.open_positions - INFO - No positions open for address: "0x9a4010DED08474dF6e80A96Fc50B9aC664723DB7" on Arbitrum.
2026-01-03 14:27:20,358 - telegram.ext.Application - INFO - Application started
2026-01-03 14:27:27,476 - eth_defi.gmx.core.open_positions - INFO - No positions open for address: "0x9a4010DED08474dF6e80A96Fc50B9aC664723DB7" on Arbitrum.
2026-01-03 14:27:27,756 - eth_defi.token - INFO - Fetching uncached token, chain 42161, address 0x3f8f0dCE4dCE4d0D1d0871941e79CDA82cA50d0B, chain id given: True, reason: None, token cache LRUCache has
27 entries
2026-01-03 14:27:27,997 - eth_defi.token - INFO - Fetching uncached token, chain 42161, address 0x3Eea56A1ccCdbfB70A26aD381C71Ee17E4c8A15F, chain id given: True, reason: None, token cache LRUCache has
27 entries
2026-01-03 14:27:28,351 - eth_defi.token - INFO - Fetching uncached token, chain 42161, address 0xaF770F03518686a365300ab35AD860e99967B2f0, chain id given: True, reason: None, token cache LRUCache has
27 entries
2026-01-03 14:27:28,624 - eth_defi.token - INFO - Fetching uncached token, chain 42161, address 0x6792c5B8962ffbDD020c6b6FD0Be7b182e0e33a3, chain id given: True, reason: None, token cache LRUCache has
27 entries
2026-01-03 14:27:28,905 - eth_defi.token - INFO - Fetching uncached token, chain 42161, address 0x5503CF72f54b6d692d36BBCD391516A7dE068687, chain id given: True, reason: None, token cache LRUCache has
27 entries
2026-01-03 14:27:29,449 - eth_defi.token - INFO - Fetching uncached token, chain 42161, address 0x938aef36CAaFbcB37815251B602168087eC14648, chain id given: True, reason: None, token cache LRUCache has
27 entries
2026-01-03 14:27:30,122 - eth_defi.token - INFO - Fetching uncached token, chain 42161, address 0x1FD10E767187A92f0AB2ABDEEF4505e319cA06B2, chain id given: True, reason: None, token cache LRUCache has
27 entries
2026-01-03 14:27:30,380 - eth_defi.token - INFO - Fetching uncached token, chain 42161, address 0x75B9AdD873641b253718810E6c65dB6d72311FD0, chain id given: True, reason: None, token cache LRUCache has
27 entries
2026-01-03 14:27:30,638 - eth_defi.token - INFO - Fetching uncached token, chain 42161, address 0x47904963fc8b2340414262125aF798B9655E58Cd, chain id given: True, reason: None, token cache LRUCache has
27 entries
2026-01-03 14:27:31,120 - eth_defi.token - INFO - Fetching uncached token, chain 42161, address 0xC4da4c24fd591125c3F47b340b6f4f76111883d8, chain id given: True, reason: None, token cache LRUCache has
27 entries
2026-01-03 14:27:31,500 - eth_defi.token - INFO - Fetching uncached token, chain 42161, address 0xB46A094Bc4B0adBD801E14b9DB95e05E28962764, chain id given: True, reason: None, token cache LRUCache has
27 entries
2026-01-03 14:27:31,744 - eth_defi.token - INFO - Fetching uncached token, chain 42161, address 0x3E57D02f9d196873e55727382974b02EdebE6bfd, chain id given: True, reason: None, token cache LRUCache has
27 entries
2026-01-03 14:27:32,417 - eth_defi.token - INFO - Fetching uncached token, chain 42161, address 0x197aa2DE1313c7AD50184234490E12409B2a1f95, chain id given: True, reason: None, token cache LRUCache has
27 entries
2026-01-03 14:27:32,692 - eth_defi.token - INFO - Fetching uncached token, chain 42161, address 0x55e85A147a1029b985384822c0B2262dF8023452, chain id given: True, reason: None, token cache LRUCache has
27 entries
2026-01-03 14:27:32,935 - eth_defi.token - INFO - Fetching uncached token, chain 42161, address 0xBaf07cF91D413C0aCB2b7444B9Bf13b4e03c9D71, chain id given: True, reason: None, token cache LRUCache has
27 entries
2026-01-03 14:27:33,539 - eth_defi.token - INFO - Fetching uncached token, chain 42161, address 0xc14e065b0067dE91534e032868f5Ac6ecf2c6868, chain id given: True, reason: None, token cache LRUCache has
27 entries
2026-01-03 14:27:34,914 - eth_defi.token - INFO - Fetching uncached token, chain 42161, address 0x7D7F1765aCbaF847b9A1f7137FE8Ed4931FbfEbA, chain id given: True, reason: None, token cache LRUCache has
27 entries
2026-01-03 14:27:35,307 - eth_defi.token - INFO - Fetching uncached token, chain 42161, address 0x1FF7F3EFBb9481Cbd7db4F932cBCD4467144237C, chain id given: True, reason: None, token cache LRUCache has
27 entries
2026-01-03 14:27:35,967 - eth_defi.token - INFO - Fetching uncached token, chain 42161, address 0x1E15d08f3CA46853B692EE28AE9C7a0b88a9c994, chain id given: True, reason: None, token cache LRUCache has
27 entries
2026-01-03 14:27:36,218 - eth_defi.token - INFO - Fetching uncached token, chain 42161, address 0x38676f62d166f5CE7De8433F51c6B3D6D9d66C19, chain id given: True, reason: None, token cache LRUCache has
27 entries
2026-01-03 14:27:36,457 - eth_defi.token - INFO - Fetching uncached token, chain 42161, address 0xb06aa7E4af937C130dDade66f6ed7642716fe07A, chain id given: True, reason: None, token cache LRUCache has
27 entries
2026-01-03 14:27:36,700 - eth_defi.token - INFO - Fetching uncached token, chain 42161, address 0xB2f7cefaeEb08Aa347705ac829a7b8bE2FB560f3, chain id given: True, reason: None, token cache LRUCache has
27 entries
2026-01-03 14:27:37,725 - eth_defi.token - INFO - Fetching uncached token, chain 42161, address 0x2cD2eB61D17b78239Fcd19aafF72981B5D5eF319, chain id given: True, reason: None, token cache LRUCache has
27 entries
2026-01-03 14:27:37,987 - eth_defi.token - INFO - Fetching uncached token, chain 42161, address 0x9c74772b713a1B032aEB173E28683D937E51921c, chain id given: True, reason: None, token cache LRUCache has
27 entries
2026-01-03 14:27:38,444 - eth_defi.token - INFO - Fetching uncached token, chain 42161, address 0x53186c8419BEB83fE4Da74F7875041a1287337ED, chain id given: True, reason: None, token cache LRUCache has
27 entries
2026-01-03 14:27:38,684 - eth_defi.token - INFO - Fetching uncached token, chain 42161, address 0xc5dbD52Ae5a927Cf585B884011d0C7631C9974c6, chain id given: True, reason: None, token cache LRUCache has
27 entries
2026-01-03 14:27:38,925 - eth_defi.token - INFO - Fetching uncached token, chain 42161, address 0xc33D9C096e74aa4f571E9417b69a19C4A1e72ef2, chain id given: True, reason: None, token cache LRUCache has
27 entries
2026-01-03 14:27:39,178 - eth_defi.token - INFO - Fetching uncached token, chain 42161, address 0xE958f107b467d5172573F761d26931D658C1b436, chain id given: True, reason: None, token cache LRUCache has
27 entries
2026-01-03 14:27:39,427 - eth_defi.token - INFO - Fetching uncached token, chain 42161, address 0xdaf0A71608938F762e37eC5F72F670Cc44703454, chain id given: True, reason: None, token cache LRUCache has
27 entries
2026-01-03 14:27:39,693 - eth_defi.token - INFO - Fetching uncached token, chain 42161, address 0x82BB89fcc64c5d4016C5Ed1AB016bB0D1C20D6C3, chain id given: True, reason: None, token cache LRUCache has
27 entries
2026-01-03 14:27:39,931 - eth_defi.token - INFO - Fetching uncached token, chain 42161, address 0x3AeBb98f57081DcBEb0B8EA823Cf84900A31e5D8, chain id given: True, reason: None, token cache LRUCache has
27 entries
2026-01-03 14:27:40,175 - eth_defi.token - INFO - Fetching uncached token, chain 42161, address 0xfdE73EddbE6c5712A12B72c470F8FE5c77A7fF17, chain id given: True, reason: None, token cache LRUCache has
27 entries
2026-01-03 14:27:40,425 - eth_defi.token - INFO - Fetching uncached token, chain 42161, address 0x0739Ad7AeA69aD36EdEb91b0e55cAC140427c632, chain id given: True, reason: None, token cache LRUCache has
27 entries
2026-01-03 14:27:40,689 - eth_defi.token - INFO - Fetching uncached token, chain 42161, address 0x30021aFA4767Ad66aA52A06dF8a5AB3acA9371fD, chain id given: True, reason: None, token cache LRUCache has
27 entries
2026-01-03 14:27:40,926 - eth_defi.token - INFO - Fetching uncached token, chain 42161, address 0xfa4F8E582214eBCe1A08eB2a65e08082053E441F, chain id given: True, reason: None, token cache LRUCache has
27 entries
2026-01-03 14:27:41,177 - eth_defi.token - INFO - Fetching uncached token, chain 42161, address 0xfe1Aac2CD9C5cC77b58EeCfE75981866ed0c8b7a, chain id given: True, reason: None, token cache LRUCache has
27 entries
2026-01-03 14:27:41,419 - eth_defi.token - INFO - Fetching uncached token, chain 42161, address 0xaca341E61aB6177B0b0Df46a612e4311F8a7605f, chain id given: True, reason: None, token cache LRUCache has
27 entries
2026-01-03 14:27:41,660 - eth_defi.token - INFO - Fetching uncached token, chain 42161, address 0xBb69bd9dc152C2c0F083507641a46193d2B61EBb, chain id given: True, reason: None, token cache LRUCache has
27 entries
2026-01-03 14:27:42,086 - eth_defi.token - INFO - Fetching uncached token, chain 42161, address 0x9D678B4Dd38a6E01df8090aEB7974aD71142b05f, chain id given: True, reason: None, token cache LRUCache has
27 entries
2026-01-03 14:27:42,321 - eth_defi.token - INFO - Fetching uncached token, chain 42161, address 0x67ADABbAd211eA9b3B4E2fd0FD165E593De1e983, chain id given: True, reason: None, token cache LRUCache has
27 entries
2026-01-03 14:27:42,575 - eth_defi.token - INFO - Fetching uncached token, chain 42161, address 0xB6672496214C90134A9223894e709F26A5eED362, chain id given: True, reason: None, token cache LRUCache has
27 entries
2026-01-03 14:27:42,811 - eth_defi.token - INFO - Fetching uncached token, chain 42161, address 0x4C1dac9b6eAf122Fe3DE824c1C2220413F3aC197, chain id given: True, reason: None, token cache LRUCache has
27 entries
2026-01-03 14:27:43,393 - eth_defi.token - INFO - Fetching uncached token, chain 42161, address 0xEcFB4718aD19b626A77491895a2f99ea0cedEd08, chain id given: True, reason: None, token cache LRUCache has
27 entries
2026-01-03 14:27:43,629 - eth_defi.token - INFO - Fetching uncached token, chain 42161, address 0x83D5944E7f5EF1d8432002d3cb062e1012f6F8e6, chain id given: True, reason: None, token cache LRUCache has
27 entries
2026-01-03 14:27:43,885 - eth_defi.token - INFO - Fetching uncached token, chain 42161, address 0xcA543Cb8bCC76e4E0A034F56EB40a1029bDFd70E, chain id given: True, reason: None, token cache LRUCache has
27 entries
2026-01-03 14:27:44,150 - eth_defi.token - INFO - Fetching uncached token, chain 42161, address 0x580b373Ac16803BB0133356F470f3c7EEF54151B, chain id given: True, reason: None, token cache LRUCache has
27 entries
2026-01-03 14:27:45,074 - eth_defi.token - INFO - Fetching uncached token, chain 42161, address 0x8F6cCb99d4Fd0B4095915147b5ae3bbDb8075394, chain id given: True, reason: None, token cache LRUCache has
27 entries
2026-01-03 14:27:45,399 - eth_defi.token - INFO - Fetching uncached token, chain 42161, address 0xfEd500Df379427Fbc48BDaf3b511b519c7eCCD26, chain id given: True, reason: None, token cache LRUCache has
27 entries
2026-01-03 14:27:45,691 - eth_defi.token - INFO - Fetching uncached token, chain 42161, address 0xfDFA0A749dA3bCcee20aE0B4AD50E39B26F58f7C, chain id given: True, reason: None, token cache LRUCache has
27 entries
2026-01-03 14:27:45,981 - eth_defi.token - INFO - Fetching uncached token, chain 42161, address 0x8904De84c3bB3B7D2383F934Af40FcB3Ef82F28b, chain id given: True, reason: None, token cache LRUCache has
27 entries
2026-01-03 14:27:46,240 - eth_defi.token - INFO - Fetching uncached token, chain 42161, address 0x1f3407Ea067DfBDF6dEb6bBFdA4869215fB0ab77, chain id given: True, reason: None, token cache LRUCache has
27 entries
2026-01-03 14:27:46,510 - eth_defi.token - INFO - Fetching uncached token, chain 42161, address 0x97Ce1F309B949f7FBC4f58c5cb6aa417A5ff8964, chain id given: True, reason: None, token cache LRUCache has
27 entries
2026-01-03 14:27:46,804 - eth_defi.token - INFO - Fetching uncached token, chain 42161, address 0xa8193C55C34Ed22e1Dbe73FD5Adc668E51578a67, chain id given: True, reason: None, token cache LRUCache has
27 entries
2026-01-03 14:27:47,072 - eth_defi.token - INFO - Fetching uncached token, chain 42161, address 0xe5f01aeAcc8288E9838A60016AB00d7b6675900b, chain id given: True, reason: None, token cache LRUCache has
27 entries
2026-01-03 14:27:47,379 - eth_defi.token - INFO - Fetching uncached token, chain 42161, address 0xd3898c6570974AEca38a8ACf22fd60739e528A99, chain id given: True, reason: None, token cache LRUCache has
27 entries
2026-01-03 14:27:47,615 - eth_defi.token - INFO - Fetching uncached token, chain 42161, address 0x13674172E6E44D31d4bE489d5184f3457c40153A, chain id given: True, reason: None, token cache LRUCache has
27 entries
2026-01-03 14:27:48,002 - eth_defi.token - INFO - Fetching uncached token, chain 42161, address 0xd1738d37401a0A71f7E382d2cFeCD3ab69687017, chain id given: True, reason: None, token cache LRUCache has
27 entries
2026-01-03 14:27:48,260 - eth_defi.token - INFO - Fetching uncached token, chain 42161, address 0x9c060B2fA953b5f69879a8B7B81f62BFfEF360be, chain id given: True, reason: None, token cache LRUCache has
27 entries
2026-01-03 14:27:48,518 - eth_defi.token - INFO - Fetching uncached token, chain 42161, address 0x955cd91eEaE618F5a7b49E1e3c7482833B10DAb4, chain id given: True, reason: None, token cache LRUCache has
27 entries
2026-01-03 14:27:48,790 - eth_defi.token - INFO - Fetching uncached token, chain 42161, address 0xb736be525A65326513351058427d1f47B0CfB045, chain id given: True, reason: None, token cache LRUCache has
27 entries
2026-01-03 14:27:49,086 - eth_defi.token - INFO - Fetching uncached token, chain 42161, address 0x72Cd3a21aA7A898028d9501868Fbe6dED0020434, chain id given: True, reason: None, token cache LRUCache has
27 entries
2026-01-03 14:27:49,323 - eth_defi.token - INFO - Fetching uncached token, chain 42161, address 0xEb2A83b973f4dbB9511D92dd40d2ba4C683f0971, chain id given: True, reason: None, token cache LRUCache has
27 entries
2026-01-03 14:27:49,578 - eth_defi.token - INFO - Fetching uncached token, chain 42161, address 0xB7EfE7c7f059E84Ab87A83A169c583Fb4A54fAc3, chain id given: True, reason: None, token cache LRUCache has
27 entries
2026-01-03 14:27:49,819 - eth_defi.token - INFO - Fetching uncached token, chain 42161, address 0xd37F01A3379f052FEF70F63c0Be27931891aa2B9, chain id given: True, reason: None, token cache LRUCache has
27 entries
2026-01-03 14:27:50,111 - eth_defi.token - INFO - Fetching uncached token, chain 42161, address 0x3B6f801C0052Dfe0Ac80287D611F31B7c47B9A6b, chain id given: True, reason: None, token cache LRUCache has
27 entries
2026-01-03 14:27:50,952 - eth_defi.token - INFO - Fetching uncached token, chain 42161, address 0x91c6a8F6aFAC036F4ABf1bA55f4E76892E865E4a, chain id given: True, reason: None, token cache LRUCache has
27 entries
2026-01-03 14:27:51,356 - eth_defi.token - INFO - Fetching uncached token, chain 42161, address 0xEcc5eb985Ddbb8335b175b0A2A1144E4c978F1f6, chain id given: True, reason: None, token cache LRUCache has
27 entries
2026-01-03 14:27:51,609 - eth_defi.token - INFO - Fetching uncached token, chain 42161, address 0x4249F6e0808bEfF7368AaAD3F7A3Fd511F61Ee60, chain id given: True, reason: None, token cache LRUCache has
27 entries
2026-01-03 14:27:51,870 - eth_defi.token - INFO - Fetching uncached token, chain 42161, address 0xC5799ab6E2818fD8d0788dB8D156B0c5db1Bf97b, chain id given: True, reason: None, token cache LRUCache has
27 entries
2026-01-03 14:27:52,113 - eth_defi.token - INFO - Fetching uncached token, chain 42161, address 0x465A31E5bA29b8EAcC860d499D714a6f07e56E85, chain id given: True, reason: None, token cache LRUCache has
27 entries
2026-01-03 14:27:52,420 - eth_defi.token - INFO - Fetching uncached token, chain 42161, address 0xB79Eb5BA64A167676694bB41bc1640F95d309a2F, chain id given: True, reason: None, token cache LRUCache has
27 entries
2026-01-03 14:27:52,682 - eth_defi.token - INFO - Fetching uncached token, chain 42161, address 0xF67b2a901D674B443Fa9f6DB2A689B37c07fD4fE, chain id given: True, reason: None, token cache LRUCache has
27 entries
2026-01-03 14:27:53,010 - eth_defi.token - INFO - Fetching uncached token, chain 42161, address 0xc5ff0eB026dB972F95DF3dfF04e697d8b660092a, chain id given: True, reason: None, token cache LRUCache has
27 entries
2026-01-03 14:27:53,402 - eth_defi.token - INFO - Fetching uncached token, chain 42161, address 0x96Ee343E36E8642627FAEa235D57a9FEC8a6e34f, chain id given: True, reason: None, token cache LRUCache has
27 entries
2026-01-03 14:27:53,791 - eth_defi.token - INFO - Fetching uncached token, chain 42161, address 0x2e73bDBee83D91623736D514b0BB41f2afd9C7Fd, chain id given: True, reason: None, token cache LRUCache has
27 entries
2026-01-03 14:27:54,057 - eth_defi.token - INFO - Fetching uncached token, chain 42161, address 0x2aAB60E62f05d17e58dEc982870bfAdc7F4e7ADF, chain id given: True, reason: None, token cache LRUCache has
27 entries
2026-01-03 14:27:54,301 - eth_defi.token - INFO - Fetching uncached token, chain 42161, address 0x95c317066CF214b2E6588B2685D949384504F51e, chain id given: True, reason: None, token cache LRUCache has
27 entries
2026-01-03 14:27:54,556 - eth_defi.token - INFO - Fetching uncached token, chain 42161, address 0xdB58EB7f408EbA2176eCb44A4696292605cCEB39, chain id given: True, reason: None, token cache LRUCache has
27 entries
2026-01-03 14:27:54,804 - eth_defi.token - INFO - Fetching uncached token, chain 42161, address 0xc4017CFe7D7eaBDE63d3252caBF26A286fE2B1E0, chain id given: True, reason: None, token cache LRUCache has
27 entries
2026-01-03 14:27:55,300 - eth_defi.token - INFO - Fetching uncached token, chain 42161, address 0xeeA41ceA2204D1156De1BDF2CF4ab6184d17f90B, chain id given: True, reason: None, token cache LRUCache has
27 entries
2026-01-03 14:27:55,562 - eth_defi.token - INFO - Fetching uncached token, chain 42161, address 0x6eAbbaA3278556Dc5b19c034dc26c0eaB60d65B5, chain id given: True, reason: None, token cache LRUCache has
27 entries
2026-01-03 14:27:55,810 - eth_defi.token - INFO - Fetching uncached token, chain 42161, address 0xB96e60CA3a7677b29f1e10dd109E952B275038Be, chain id given: True, reason: None, token cache LRUCache has
27 entries
2026-01-03 14:27:56,458 - eth_defi.gmx.core.open_positions - INFO - No positions open for address: "0x9a4010DED08474dF6e80A96Fc50B9aC664723DB7" on Arbitrum.
2026-01-03 14:27:56,459 - freqtrade.wallets - INFO - Wallets synced.
2026-01-03 14:27:56,466 - freqtrade.freqtradebot - INFO - Updating buy-fee on trade Trade(id=2, pair=ETH/USDC:USDC, amount=0.00330599, is_short=False, leverage=1, open_rate=3088.3380618, 
open_since=2026-01-03 07:58:38) for order 0xb9df77f06def3fd448e1d5992248cbf0ac8d16e3c700420d1f207620599cf214.
2026-01-03 14:27:56,467 - freqtrade.freqtradebot - INFO - Found open order for Trade(id=2, pair=ETH/USDC:USDC, amount=0.00330599, is_short=False, leverage=1, open_rate=3088.3380618, 
open_since=2026-01-03 07:58:38)
2026-01-03 14:27:56,736 - eth_defi.gmx.ccxt.exchange - INFO - Fetched order 0xb9df77f06def3fd448e1d5992248cbf0ac8d16e3c700420d1f207620599cf214 from blockchain (not in cache)
2026-01-03 14:27:56,741 - freqtrade.freqtradebot - INFO - Fee for Trade Trade(id=2, pair=ETH/USDC:USDC, amount=0.00330599, is_short=False, leverage=1, open_rate=3088.3380618, open_since=2026-01-03 
07:58:38) [buy]: 9.57281e-06 ETH - rate: 0.0028956
2026-01-03 14:27:58,420 - eth_defi.gmx.core.open_positions - INFO - No positions open for address: "0x9a4010DED08474dF6e80A96Fc50B9aC664723DB7" on Arbitrum.
2026-01-03 14:27:58,698 - eth_defi.token - INFO - Fetching uncached token, chain 42161, address 0x3f8f0dCE4dCE4d0D1d0871941e79CDA82cA50d0B, chain id given: True, reason: None, token cache LRUCache has
27 entries
2026-01-03 14:27:58,969 - eth_defi.token - INFO - Fetching uncached token, chain 42161, address 0x3Eea56A1ccCdbfB70A26aD381C71Ee17E4c8A15F, chain id given: True, reason: None, token cache LRUCache has
27 entries
2026-01-03 14:27:59,235 - eth_defi.token - INFO - Fetching uncached token, chain 42161, address 0xaF770F03518686a365300ab35AD860e99967B2f0, chain id given: True, reason: None, token cache LRUCache has
27 entries
2026-01-03 14:27:59,495 - eth_defi.token - INFO - Fetching uncached token, chain 42161, address 0x6792c5B8962ffbDD020c6b6FD0Be7b182e0e33a3, chain id given: True, reason: None, token cache LRUCache has
27 entries
2026-01-03 14:27:59,748 - eth_defi.token - INFO - Fetching uncached token, chain 42161, address 0x5503CF72f54b6d692d36BBCD391516A7dE068687, chain id given: True, reason: None, token cache LRUCache has
27 entries
2026-01-03 14:28:00,173 - eth_defi.token - INFO - Fetching uncached token, chain 42161, address 0x938aef36CAaFbcB37815251B602168087eC14648, chain id given: True, reason: None, token cache LRUCache has
27 entries
2026-01-03 14:28:00,429 - eth_defi.token - INFO - Fetching uncached token, chain 42161, address 0x1FD10E767187A92f0AB2ABDEEF4505e319cA06B2, chain id given: True, reason: None, token cache LRUCache has
27 entries
2026-01-03 14:28:00,695 - eth_defi.token - INFO - Fetching uncached token, chain 42161, address 0x75B9AdD873641b253718810E6c65dB6d72311FD0, chain id given: True, reason: None, token cache LRUCache has
27 entries
2026-01-03 14:28:01,063 - eth_defi.token - INFO - Fetching uncached token, chain 42161, address 0x47904963fc8b2340414262125aF798B9655E58Cd, chain id given: True, reason: None, token cache LRUCache has
27 entries
2026-01-03 14:28:01,578 - eth_defi.token - INFO - Fetching uncached token, chain 42161, address 0xC4da4c24fd591125c3F47b340b6f4f76111883d8, chain id given: True, reason: None, token cache LRUCache has
27 entries
2026-01-03 14:28:01,966 - eth_defi.token - INFO - Fetching uncached token, chain 42161, address 0xB46A094Bc4B0adBD801E14b9DB95e05E28962764, chain id given: True, reason: None, token cache LRUCache has
27 entries
2026-01-03 14:28:02,230 - eth_defi.token - INFO - Fetching uncached token, chain 42161, address 0x3E57D02f9d196873e55727382974b02EdebE6bfd, chain id given: True, reason: None, token cache LRUCache has
27 entries
2026-01-03 14:28:02,617 - eth_defi.token - INFO - Fetching uncached token, chain 42161, address 0x197aa2DE1313c7AD50184234490E12409B2a1f95, chain id given: True, reason: None, token cache LRUCache has
27 entries
2026-01-03 14:28:02,871 - eth_defi.token - INFO - Fetching uncached token, chain 42161, address 0x55e85A147a1029b985384822c0B2262dF8023452, chain id given: True, reason: None, token cache LRUCache has
27 entries
2026-01-03 14:28:03,133 - eth_defi.token - INFO - Fetching uncached token, chain 42161, address 0xBaf07cF91D413C0aCB2b7444B9Bf13b4e03c9D71, chain id given: True, reason: None, token cache LRUCache has
27 entries
2026-01-03 14:28:03,767 - eth_defi.token - INFO - Fetching uncached token, chain 42161, address 0xc14e065b0067dE91534e032868f5Ac6ecf2c6868, chain id given: True, reason: None, token cache LRUCache has
27 entries
2026-01-03 14:28:04,672 - eth_defi.token - INFO - Fetching uncached token, chain 42161, address 0x7D7F1765aCbaF847b9A1f7137FE8Ed4931FbfEbA, chain id given: True, reason: None, token cache LRUCache has
27 entries
2026-01-03 14:28:04,910 - eth_defi.token - INFO - Fetching uncached token, chain 42161, address 0x1FF7F3EFBb9481Cbd7db4F932cBCD4467144237C, chain id given: True, reason: None, token cache LRUCache has
27 entries
2026-01-03 14:28:06,025 - eth_defi.token - INFO - Fetching uncached token, chain 42161, address 0x1E15d08f3CA46853B692EE28AE9C7a0b88a9c994, chain id given: True, reason: None, token cache LRUCache has
27 entries
2026-01-03 14:28:06,271 - eth_defi.token - INFO - Fetching uncached token, chain 42161, address 0x38676f62d166f5CE7De8433F51c6B3D6D9d66C19, chain id given: True, reason: None, token cache LRUCache has
27 entries
2026-01-03 14:28:06,517 - eth_defi.token - INFO - Fetching uncached token, chain 42161, address 0xb06aa7E4af937C130dDade66f6ed7642716fe07A, chain id given: True, reason: None, token cache LRUCache has
27 entries
2026-01-03 14:28:06,772 - eth_defi.token - INFO - Fetching uncached token, chain 42161, address 0xB2f7cefaeEb08Aa347705ac829a7b8bE2FB560f3, chain id given: True, reason: None, token cache LRUCache has
27 entries
2026-01-03 14:28:07,784 - eth_defi.token - INFO - Fetching uncached token, chain 42161, address 0x2cD2eB61D17b78239Fcd19aafF72981B5D5eF319, chain id given: True, reason: None, token cache LRUCache has
27 entries
2026-01-03 14:28:08,027 - eth_defi.token - INFO - Fetching uncached token, chain 42161, address 0x9c74772b713a1B032aEB173E28683D937E51921c, chain id given: True, reason: None, token cache LRUCache has
27 entries
2026-01-03 14:28:08,325 - eth_defi.token - INFO - Fetching uncached token, chain 42161, address 0x53186c8419BEB83fE4Da74F7875041a1287337ED, chain id given: True, reason: None, token cache LRUCache has
27 entries
2026-01-03 14:28:08,592 - eth_defi.token - INFO - Fetching uncached token, chain 42161, address 0xc5dbD52Ae5a927Cf585B884011d0C7631C9974c6, chain id given: True, reason: None, token cache LRUCache has
27 entries
2026-01-03 14:28:08,847 - eth_defi.token - INFO - Fetching uncached token, chain 42161, address 0xc33D9C096e74aa4f571E9417b69a19C4A1e72ef2, chain id given: True, reason: None, token cache LRUCache has
27 entries
2026-01-03 14:28:09,141 - eth_defi.token - INFO - Fetching uncached token, chain 42161, address 0xE958f107b467d5172573F761d26931D658C1b436, chain id given: True, reason: None, token cache LRUCache has
27 entries
2026-01-03 14:28:09,395 - eth_defi.token - INFO - Fetching uncached token, chain 42161, address 0xdaf0A71608938F762e37eC5F72F670Cc44703454, chain id given: True, reason: None, token cache LRUCache has
27 entries
2026-01-03 14:28:09,658 - eth_defi.token - INFO - Fetching uncached token, chain 42161, address 0x82BB89fcc64c5d4016C5Ed1AB016bB0D1C20D6C3, chain id given: True, reason: None, token cache LRUCache has
27 entries
2026-01-03 14:28:09,902 - eth_defi.token - INFO - Fetching uncached token, chain 42161, address 0x3AeBb98f57081DcBEb0B8EA823Cf84900A31e5D8, chain id given: True, reason: None, token cache LRUCache has
27 entries
2026-01-03 14:28:10,156 - eth_defi.token - INFO - Fetching uncached token, chain 42161, address 0xfdE73EddbE6c5712A12B72c470F8FE5c77A7fF17, chain id given: True, reason: None, token cache LRUCache has
27 entries
2026-01-03 14:28:10,395 - eth_defi.token - INFO - Fetching uncached token, chain 42161, address 0x0739Ad7AeA69aD36EdEb91b0e55cAC140427c632, chain id given: True, reason: None, token cache LRUCache has
27 entries
2026-01-03 14:28:10,640 - eth_defi.token - INFO - Fetching uncached token, chain 42161, address 0x30021aFA4767Ad66aA52A06dF8a5AB3acA9371fD, chain id given: True, reason: None, token cache LRUCache has
27 entries
2026-01-03 14:28:10,888 - eth_defi.token - INFO - Fetching uncached token, chain 42161, address 0xfa4F8E582214eBCe1A08eB2a65e08082053E441F, chain id given: True, reason: None, token cache LRUCache has
27 entries
2026-01-03 14:28:11,135 - eth_defi.token - INFO - Fetching uncached token, chain 42161, address 0xfe1Aac2CD9C5cC77b58EeCfE75981866ed0c8b7a, chain id given: True, reason: None, token cache LRUCache has
27 entries
2026-01-03 14:28:11,619 - eth_defi.token - INFO - Fetching uncached token, chain 42161, address 0xaca341E61aB6177B0b0Df46a612e4311F8a7605f, chain id given: True, reason: None, token cache LRUCache has
27 entries
2026-01-03 14:28:11,885 - eth_defi.token - INFO - Fetching uncached token, chain 42161, address 0xBb69bd9dc152C2c0F083507641a46193d2B61EBb, chain id given: True, reason: None, token cache LRUCache has
27 entries
2026-01-03 14:28:12,282 - eth_defi.token - INFO - Fetching uncached token, chain 42161, address 0x9D678B4Dd38a6E01df8090aEB7974aD71142b05f, chain id given: True, reason: None, token cache LRUCache has
27 entries
2026-01-03 14:28:12,534 - eth_defi.token - INFO - Fetching uncached token, chain 42161, address 0x67ADABbAd211eA9b3B4E2fd0FD165E593De1e983, chain id given: True, reason: None, token cache LRUCache has
27 entries
2026-01-03 14:28:12,786 - eth_defi.token - INFO - Fetching uncached token, chain 42161, address 0xB6672496214C90134A9223894e709F26A5eED362, chain id given: True, reason: None, token cache LRUCache has
27 entries
2026-01-03 14:28:13,050 - eth_defi.token - INFO - Fetching uncached token, chain 42161, address 0x4C1dac9b6eAf122Fe3DE824c1C2220413F3aC197, chain id given: True, reason: None, token cache LRUCache has
27 entries
2026-01-03 14:28:13,296 - eth_defi.token - INFO - Fetching uncached token, chain 42161, address 0xEcFB4718aD19b626A77491895a2f99ea0cedEd08, chain id given: True, reason: None, token cache LRUCache has
27 entries
2026-01-03 14:28:13,527 - eth_defi.token - INFO - Fetching uncached token, chain 42161, address 0x83D5944E7f5EF1d8432002d3cb062e1012f6F8e6, chain id given: True, reason: None, token cache LRUCache has
27 entries
2026-01-03 14:28:13,796 - eth_defi.token - INFO - Fetching uncached token, chain 42161, address 0xcA543Cb8bCC76e4E0A034F56EB40a1029bDFd70E, chain id given: True, reason: None, token cache LRUCache has
27 entries
2026-01-03 14:28:14,032 - eth_defi.token - INFO - Fetching uncached token, chain 42161, address 0x580b373Ac16803BB0133356F470f3c7EEF54151B, chain id given: True, reason: None, token cache LRUCache has
27 entries
2026-01-03 14:28:14,836 - eth_defi.token - INFO - Fetching uncached token, chain 42161, address 0x8F6cCb99d4Fd0B4095915147b5ae3bbDb8075394, chain id given: True, reason: None, token cache LRUCache has
27 entries
2026-01-03 14:28:15,490 - eth_defi.token - INFO - Fetching uncached token, chain 42161, address 0xfEd500Df379427Fbc48BDaf3b511b519c7eCCD26, chain id given: True, reason: None, token cache LRUCache has
27 entries
2026-01-03 14:28:15,742 - eth_defi.token - INFO - Fetching uncached token, chain 42161, address 0xfDFA0A749dA3bCcee20aE0B4AD50E39B26F58f7C, chain id given: True, reason: None, token cache LRUCache has
27 entries
2026-01-03 14:28:15,992 - eth_defi.token - INFO - Fetching uncached token, chain 42161, address 0x8904De84c3bB3B7D2383F934Af40FcB3Ef82F28b, chain id given: True, reason: None, token cache LRUCache has
27 entries
2026-01-03 14:28:16,247 - eth_defi.token - INFO - Fetching uncached token, chain 42161, address 0x1f3407Ea067DfBDF6dEb6bBFdA4869215fB0ab77, chain id given: True, reason: None, token cache LRUCache has
27 entries
2026-01-03 14:28:16,492 - eth_defi.token - INFO - Fetching uncached token, chain 42161, address 0x97Ce1F309B949f7FBC4f58c5cb6aa417A5ff8964, chain id given: True, reason: None, token cache LRUCache has
27 entries
2026-01-03 14:28:16,737 - eth_defi.token - INFO - Fetching uncached token, chain 42161, address 0xa8193C55C34Ed22e1Dbe73FD5Adc668E51578a67, chain id given: True, reason: None, token cache LRUCache has
27 entries
2026-01-03 14:28:16,968 - eth_defi.token - INFO - Fetching uncached token, chain 42161, address 0xe5f01aeAcc8288E9838A60016AB00d7b6675900b, chain id given: True, reason: None, token cache LRUCache has
27 entries
2026-01-03 14:28:17,239 - eth_defi.token - INFO - Fetching uncached token, chain 42161, address 0xd3898c6570974AEca38a8ACf22fd60739e528A99, chain id given: True, reason: None, token cache LRUCache has
27 entries
2026-01-03 14:28:17,492 - eth_defi.token - INFO - Fetching uncached token, chain 42161, address 0x13674172E6E44D31d4bE489d5184f3457c40153A, chain id given: True, reason: None, token cache LRUCache has
27 entries
2026-01-03 14:28:17,769 - eth_defi.token - INFO - Fetching uncached token, chain 42161, address 0xd1738d37401a0A71f7E382d2cFeCD3ab69687017, chain id given: True, reason: None, token cache LRUCache has
27 entries
2026-01-03 14:28:18,003 - eth_defi.token - INFO - Fetching uncached token, chain 42161, address 0x9c060B2fA953b5f69879a8B7B81f62BFfEF360be, chain id given: True, reason: None, token cache LRUCache has
27 entries
2026-01-03 14:28:18,265 - eth_defi.token - INFO - Fetching uncached token, chain 42161, address 0x955cd91eEaE618F5a7b49E1e3c7482833B10DAb4, chain id given: True, reason: None, token cache LRUCache has
27 entries
2026-01-03 14:28:18,529 - eth_defi.token - INFO - Fetching uncached token, chain 42161, address 0xb736be525A65326513351058427d1f47B0CfB045, chain id given: True, reason: None, token cache LRUCache has
27 entries
2026-01-03 14:28:18,770 - eth_defi.token - INFO - Fetching uncached token, chain 42161, address 0x72Cd3a21aA7A898028d9501868Fbe6dED0020434, chain id given: True, reason: None, token cache LRUCache has
27 entries
2026-01-03 14:28:19,053 - eth_defi.token - INFO - Fetching uncached token, chain 42161, address 0xEb2A83b973f4dbB9511D92dd40d2ba4C683f0971, chain id given: True, reason: None, token cache LRUCache has
27 entries
2026-01-03 14:28:19,342 - eth_defi.token - INFO - Fetching uncached token, chain 42161, address 0xB7EfE7c7f059E84Ab87A83A169c583Fb4A54fAc3, chain id given: True, reason: None, token cache LRUCache has
27 entries
2026-01-03 14:28:19,608 - eth_defi.token - INFO - Fetching uncached token, chain 42161, address 0xd37F01A3379f052FEF70F63c0Be27931891aa2B9, chain id given: True, reason: None, token cache LRUCache has
27 entries
2026-01-03 14:28:19,862 - eth_defi.token - INFO - Fetching uncached token, chain 42161, address 0x3B6f801C0052Dfe0Ac80287D611F31B7c47B9A6b, chain id given: True, reason: None, token cache LRUCache has
27 entries
2026-01-03 14:28:20,128 - eth_defi.token - INFO - Fetching uncached token, chain 42161, address 0x91c6a8F6aFAC036F4ABf1bA55f4E76892E865E4a, chain id given: True, reason: None, token cache LRUCache has
27 entries
2026-01-03 14:28:20,789 - eth_defi.token - INFO - Fetching uncached token, chain 42161, address 0xEcc5eb985Ddbb8335b175b0A2A1144E4c978F1f6, chain id given: True, reason: None, token cache LRUCache has
27 entries
2026-01-03 14:28:21,358 - eth_defi.token - INFO - Fetching uncached token, chain 42161, address 0x4249F6e0808bEfF7368AaAD3F7A3Fd511F61Ee60, chain id given: True, reason: None, token cache LRUCache has
27 entries
2026-01-03 14:28:21,622 - eth_defi.token - INFO - Fetching uncached token, chain 42161, address 0xC5799ab6E2818fD8d0788dB8D156B0c5db1Bf97b, chain id given: True, reason: None, token cache LRUCache has
27 entries
2026-01-03 14:28:21,874 - eth_defi.token - INFO - Fetching uncached token, chain 42161, address 0x465A31E5bA29b8EAcC860d499D714a6f07e56E85, chain id given: True, reason: None, token cache LRUCache has
27 entries
2026-01-03 14:28:22,143 - eth_defi.token - INFO - Fetching uncached token, chain 42161, address 0xB79Eb5BA64A167676694bB41bc1640F95d309a2F, chain id given: True, reason: None, token cache LRUCache has
27 entries
2026-01-03 14:28:22,389 - eth_defi.token - INFO - Fetching uncached token, chain 42161, address 0xF67b2a901D674B443Fa9f6DB2A689B37c07fD4fE, chain id given: True, reason: None, token cache LRUCache has
27 entries
2026-01-03 14:28:22,625 - eth_defi.token - INFO - Fetching uncached token, chain 42161, address 0xc5ff0eB026dB972F95DF3dfF04e697d8b660092a, chain id given: True, reason: None, token cache LRUCache has
27 entries
2026-01-03 14:28:22,893 - eth_defi.token - INFO - Fetching uncached token, chain 42161, address 0x96Ee343E36E8642627FAEa235D57a9FEC8a6e34f, chain id given: True, reason: None, token cache LRUCache has
27 entries
2026-01-03 14:28:23,126 - eth_defi.token - INFO - Fetching uncached token, chain 42161, address 0x2e73bDBee83D91623736D514b0BB41f2afd9C7Fd, chain id given: True, reason: None, token cache LRUCache has
27 entries
2026-01-03 14:28:23,398 - eth_defi.token - INFO - Fetching uncached token, chain 42161, address 0x2aAB60E62f05d17e58dEc982870bfAdc7F4e7ADF, chain id given: True, reason: None, token cache LRUCache has
27 entries
2026-01-03 14:28:23,659 - eth_defi.token - INFO - Fetching uncached token, chain 42161, address 0x95c317066CF214b2E6588B2685D949384504F51e, chain id given: True, reason: None, token cache LRUCache has
27 entries
2026-01-03 14:28:23,931 - eth_defi.token - INFO - Fetching uncached token, chain 42161, address 0xdB58EB7f408EbA2176eCb44A4696292605cCEB39, chain id given: True, reason: None, token cache LRUCache has
27 entries
2026-01-03 14:28:24,231 - eth_defi.token - INFO - Fetching uncached token, chain 42161, address 0xc4017CFe7D7eaBDE63d3252caBF26A286fE2B1E0, chain id given: True, reason: None, token cache LRUCache has
27 entries
2026-01-03 14:28:24,744 - eth_defi.token - INFO - Fetching uncached token, chain 42161, address 0xeeA41ceA2204D1156De1BDF2CF4ab6184d17f90B, chain id given: True, reason: None, token cache LRUCache has
27 entries
2026-01-03 14:28:24,994 - eth_defi.token - INFO - Fetching uncached token, chain 42161, address 0x6eAbbaA3278556Dc5b19c034dc26c0eaB60d65B5, chain id given: True, reason: None, token cache LRUCache has
27 entries
2026-01-03 14:28:25,256 - eth_defi.token - INFO - Fetching uncached token, chain 42161, address 0xB96e60CA3a7677b29f1e10dd109E952B275038Be, chain id given: True, reason: None, token cache LRUCache has
27 entries
2026-01-03 14:28:25,781 - eth_defi.gmx.core.open_positions - INFO - No positions open for address: "0x9a4010DED08474dF6e80A96Fc50B9aC664723DB7" on Arbitrum.
2026-01-03 14:28:25,782 - freqtrade.wallets - INFO - Wallets synced.
2026-01-03 14:28:25,784 - freqtrade.commands.trade_commands - INFO - worker found ... calling exit
2026-01-03 14:28:25,785 - freqtrade.rpc.rpc_manager - INFO - Sending rpc message: {'type': status, 'status': 'process died'}
2026-01-03 14:28:25,786 - freqtrade.freqtradebot - INFO - Cleaning up modules ...
2026-01-03 14:28:25,798 - freqtrade.rpc.rpc_manager - INFO - Sending rpc message: {'type': warning, 'status': "2 open trades active.\n\nHandle these trades manually on GMX, or '/start' the bot again 
and use '/stopentry' to handle open trades gracefully. \n"}
2026-01-03 14:28:25,799 - freqtrade.rpc.rpc_manager - INFO - Cleaning up rpc modules ...
2026-01-03 14:28:25,800 - freqtrade.rpc.rpc_manager - INFO - Cleaning up rpc.apiserver ...
2026-01-03 14:28:25,800 - freqtrade.rpc.api_server.webserver - INFO - Stopping API Server
2026-01-03 14:28:25,844 - uvicorn.error - INFO - Shutting down
2026-01-03 14:28:25,946 - uvicorn.error - INFO - Waiting for application shutdown.
2026-01-03 14:28:25,948 - uvicorn.error - INFO - Application shutdown complete.
2026-01-03 14:28:25,948 - uvicorn.error - INFO - Finished server process [22493]
2026-01-03 14:28:25,949 - freqtrade.rpc.rpc_manager - INFO - Cleaning up rpc.telegram ...
2026-01-03 14:28:26,881 - telegram.ext.Application - INFO - Application is stopping. This might take a moment.
2026-01-03 14:28:26,882 - telegram.ext.Application - INFO - Application.stop() complete
2026-01-03 14:28:26,885 - freqtrade.rpc.telegram - WARNING - Telegram NetworkError: httpx.ReadError: ! Trying one more time.
2026-01-03 14:28:26,886 - freqtrade.rpc.telegram - WARNING - TelegramError: Unknown error in HTTP implementation: RuntimeError('This HTTPXRequest is not initialized!')! Giving up on that message.
2026-01-03 14:28:30,565 - eth_defi.gmx.ccxt.async_support.exchange - INFO - Async GMX exchange session closed
2026-01-03 14:28:30,567 - freqtrade - ERROR - Fatal exception!
Traceback (most recent call last):
  File "/Users/avik/Work/tradingstrategy/gmx-ccxt-freqtrade/freqtrade-develop/freqtrade/main.py", line 53, in main
    return_code = args["func"](args)
                  ^^^^^^^^^^^^^^^^^^
  File "/Users/avik/Work/tradingstrategy/gmx-ccxt-freqtrade/freqtrade-develop/freqtrade/commands/trade_commands.py", line 25, in start_trading
    worker.run()
  File "/Users/avik/Work/tradingstrategy/gmx-ccxt-freqtrade/freqtrade-develop/freqtrade/worker.py", line 79, in run
    state = self._worker(old_state=state)
            ^^^^^^^^^^^^^^^^^^^^^^^^^^^^^
  File "/Users/avik/Work/tradingstrategy/gmx-ccxt-freqtrade/freqtrade-develop/freqtrade/worker.py", line 124, in _worker
    self._throttle(
  File "/Users/avik/Work/tradingstrategy/gmx-ccxt-freqtrade/freqtrade-develop/freqtrade/worker.py", line 165, in _throttle
    result = func(*args, **kwargs)
             ^^^^^^^^^^^^^^^^^^^^^
  File "/Users/avik/Work/tradingstrategy/gmx-ccxt-freqtrade/freqtrade-develop/freqtrade/worker.py", line 199, in _process_running
    self.freqtrade.process()
  File "/Users/avik/Work/tradingstrategy/gmx-ccxt-freqtrade/freqtrade-develop/freqtrade/freqtradebot.py", line 257, in process
    self.update_trades_without_assigned_fees()
  File "/Users/avik/Work/tradingstrategy/gmx-ccxt-freqtrade/freqtrade-develop/freqtrade/freqtradebot.py", line 478, in update_trades_without_assigned_fees
    self.update_trade_state(trade, order.order_id, send_msg=False)
  File "/Users/avik/Work/tradingstrategy/gmx-ccxt-freqtrade/freqtrade-develop/freqtrade/freqtradebot.py", line 2348, in update_trade_state
    self.handle_order_fee(trade, order_obj, order)
  File "/Users/avik/Work/tradingstrategy/gmx-ccxt-freqtrade/freqtrade-develop/freqtrade/freqtradebot.py", line 2480, in handle_order_fee
    if (fee_abs := self.get_real_amount(trade, order, order_obj)) is not None:
                   ^^^^^^^^^^^^^^^^^^^^^^^^^^^^^^^^^^^^^^^^^^^^^
  File "/Users/avik/Work/tradingstrategy/gmx-ccxt-freqtrade/freqtrade-develop/freqtrade/freqtradebot.py", line 2519, in get_real_amount
    return self.apply_fee_conditional(
           ^^^^^^^^^^^^^^^^^^^^^^^^^^^
  File "/Users/avik/Work/tradingstrategy/gmx-ccxt-freqtrade/freqtrade-develop/freqtrade/freqtradebot.py", line 2465, in apply_fee_conditional
    amount_ = trade.amount + amount
              ~~~~~~~~~~~~~^~~~~~~~
TypeError: unsupported operand type(s) for +: 'float' and 'NoneType'
